[20-Sep-2022 14:01:28 UTC] PHP Warning:  PHP Startup: Unable to load dynamic library 'php_imagick.dll' (tried: C:/Users/JX/AppData/Local/Programs/Local/resources/extraResources/lightning-services/php-7.4.1+18/bin/win64/ext\php_imagick.dll (The specified module could not be found.), C:/Users/JX/AppData/Local/Programs/Local/resources/extraResources/lightning-services/php-7.4.1+18/bin/win64/ext\php_php_imagick.dll.dll (The specified module could not be found.)) in Unknown on line 0
[20-Sep-2022 14:01:28 UTC] PHP Warning:  PHP Startup: Unable to load dynamic library 'php_imagick.dll' (tried: C:/Users/JX/AppData/Local/Programs/Local/resources/extraResources/lightning-services/php-7.4.1+18/bin/win64/ext\php_imagick.dll (The specified module could not be found.), C:/Users/JX/AppData/Local/Programs/Local/resources/extraResources/lightning-services/php-7.4.1+18/bin/win64/ext\php_php_imagick.dll.dll (The specified module could not be found.)) in Unknown on line 0
[20-Sep-2022 14:01:28 UTC] PHP Warning:  PHP Startup: Unable to load dynamic library 'php_imagick.dll' (tried: C:/Users/JX/AppData/Local/Programs/Local/resources/extraResources/lightning-services/php-7.4.1+18/bin/win64/ext\php_imagick.dll (The specified module could not be found.), C:/Users/JX/AppData/Local/Programs/Local/resources/extraResources/lightning-services/php-7.4.1+18/bin/win64/ext\php_php_imagick.dll.dll (The specified module could not be found.)) in Unknown on line 0
[20-Sep-2022 14:01:29 UTC] PHP Warning:  PHP Startup: Unable to load dynamic library 'php_imagick.dll' (tried: C:/Users/JX/AppData/Local/Programs/Local/resources/extraResources/lightning-services/php-7.4.1+18/bin/win64/ext\php_imagick.dll (The specified module could not be found.), C:/Users/JX/AppData/Local/Programs/Local/resources/extraResources/lightning-services/php-7.4.1+18/bin/win64/ext\php_php_imagick.dll.dll (The specified module could not be found.)) in Unknown on line 0
[20-Sep-2022 15:12:48 UTC] PHP Warning:  file_get_contents(C:\Users\JX\Local Sites\michael-mah-motors\app\public/wp-content/plugins/): failed to open stream: No such file or directory in C:\Users\JX\Local Sites\michael-mah-motors\app\public\wp-includes\functions.php on line 6633
[20-Sep-2022 15:12:48 UTC] PHP Stack trace:
[20-Sep-2022 15:12:48 UTC] PHP   1. {main}() C:\Users\JX\Local Sites\michael-mah-motors\app\public\wp-admin\plugins.php:0
[20-Sep-2022 15:12:48 UTC] PHP   2. require_once() C:\Users\JX\Local Sites\michael-mah-motors\app\public\wp-admin\plugins.php:10
[20-Sep-2022 15:12:48 UTC] PHP   3. do_action() C:\Users\JX\Local Sites\michael-mah-motors\app\public\wp-admin\admin.php:175
[20-Sep-2022 15:12:48 UTC] PHP   4. WP_Hook->do_action() C:\Users\JX\Local Sites\michael-mah-motors\app\public\wp-includes\plugin.php:476
[20-Sep-2022 15:12:48 UTC] PHP   5. WP_Hook->apply_filters() C:\Users\JX\Local Sites\michael-mah-motors\app\public\wp-includes\class-wp-hook.php:331
[20-Sep-2022 15:12:48 UTC] PHP   6. Pusher\Pusher->registerPluginActionLinks() C:\Users\JX\Local Sites\michael-mah-motors\app\public\wp-includes\class-wp-hook.php:307
[20-Sep-2022 15:12:48 UTC] PHP   7. Pusher\Storage\PluginRepository->allPusherPlugins() C:\Users\JX\Local Sites\michael-mah-motors\app\public\wp-content\plugins\wppusher\Pusher\Pusher.php:73
[20-Sep-2022 15:12:48 UTC] PHP   8. get_plugin_data() C:\Users\JX\Local Sites\michael-mah-motors\app\public\wp-content\plugins\wppusher\Pusher\Storage\PluginRepository.php:44
[20-Sep-2022 15:12:48 UTC] PHP   9. get_file_data() C:\Users\JX\Local Sites\michael-mah-motors\app\public\wp-admin\includes\plugin.php:91
[20-Sep-2022 15:12:48 UTC] PHP  10. file_get_contents() C:\Users\JX\Local Sites\michael-mah-motors\app\public\wp-includes\functions.php:6633
[20-Sep-2022 15:12:56 UTC] PHP Warning:  file_get_contents(C:\Users\JX\Local Sites\michael-mah-motors\app\public/wp-content/plugins/): failed to open stream: No such file or directory in C:\Users\JX\Local Sites\michael-mah-motors\app\public\wp-includes\functions.php on line 6633
[20-Sep-2022 15:12:56 UTC] PHP Stack trace:
[20-Sep-2022 15:12:56 UTC] PHP   1. {main}() C:\Users\JX\Local Sites\michael-mah-motors\app\public\wp-admin\admin.php:0
[20-Sep-2022 15:12:56 UTC] PHP   2. do_action() C:\Users\JX\Local Sites\michael-mah-motors\app\public\wp-admin\admin.php:175
[20-Sep-2022 15:12:56 UTC] PHP   3. WP_Hook->do_action() C:\Users\JX\Local Sites\michael-mah-motors\app\public\wp-includes\plugin.php:476
[20-Sep-2022 15:12:56 UTC] PHP   4. WP_Hook->apply_filters() C:\Users\JX\Local Sites\michael-mah-motors\app\public\wp-includes\class-wp-hook.php:331
[20-Sep-2022 15:12:56 UTC] PHP   5. Pusher\Pusher->registerPluginActionLinks() C:\Users\JX\Local Sites\michael-mah-motors\app\public\wp-includes\class-wp-hook.php:307
[20-Sep-2022 15:12:56 UTC] PHP   6. Pusher\Storage\PluginRepository->allPusherPlugins() C:\Users\JX\Local Sites\michael-mah-motors\app\public\wp-content\plugins\wppusher\Pusher\Pusher.php:73
[20-Sep-2022 15:12:56 UTC] PHP   7. get_plugin_data() C:\Users\JX\Local Sites\michael-mah-motors\app\public\wp-content\plugins\wppusher\Pusher\Storage\PluginRepository.php:44
[20-Sep-2022 15:12:56 UTC] PHP   8. get_file_data() C:\Users\JX\Local Sites\michael-mah-motors\app\public\wp-admin\includes\plugin.php:91
[20-Sep-2022 15:12:56 UTC] PHP   9. file_get_contents() C:\Users\JX\Local Sites\michael-mah-motors\app\public\wp-includes\functions.php:6633
[20-Sep-2022 15:13:08 UTC] PHP Warning:  file_get_contents(C:\Users\JX\Local Sites\michael-mah-motors\app\public/wp-content/plugins/): failed to open stream: No such file or directory in C:\Users\JX\Local Sites\michael-mah-motors\app\public\wp-includes\functions.php on line 6633
[20-Sep-2022 15:13:08 UTC] PHP Stack trace:
[20-Sep-2022 15:13:08 UTC] PHP   1. {main}() C:\Users\JX\Local Sites\michael-mah-motors\app\public\wp-admin\index.php:0
[20-Sep-2022 15:13:08 UTC] PHP   2. require_once() C:\Users\JX\Local Sites\michael-mah-motors\app\public\wp-admin\index.php:10
[20-Sep-2022 15:13:08 UTC] PHP   3. do_action() C:\Users\JX\Local Sites\michael-mah-motors\app\public\wp-admin\admin.php:175
[20-Sep-2022 15:13:08 UTC] PHP   4. WP_Hook->do_action() C:\Users\JX\Local Sites\michael-mah-motors\app\public\wp-includes\plugin.php:476
[20-Sep-2022 15:13:08 UTC] PHP   5. WP_Hook->apply_filters() C:\Users\JX\Local Sites\michael-mah-motors\app\public\wp-includes\class-wp-hook.php:331
[20-Sep-2022 15:13:08 UTC] PHP   6. Pusher\Pusher->registerPluginActionLinks() C:\Users\JX\Local Sites\michael-mah-motors\app\public\wp-includes\class-wp-hook.php:307
[20-Sep-2022 15:13:08 UTC] PHP   7. Pusher\Storage\PluginRepository->allPusherPlugins() C:\Users\JX\Local Sites\michael-mah-motors\app\public\wp-content\plugins\wppusher\Pusher\Pusher.php:73
[20-Sep-2022 15:13:08 UTC] PHP   8. get_plugin_data() C:\Users\JX\Local Sites\michael-mah-motors\app\public\wp-content\plugins\wppusher\Pusher\Storage\PluginRepository.php:44
[20-Sep-2022 15:13:08 UTC] PHP   9. get_file_data() C:\Users\JX\Local Sites\michael-mah-motors\app\public\wp-admin\includes\plugin.php:91
[20-Sep-2022 15:13:08 UTC] PHP  10. file_get_contents() C:\Users\JX\Local Sites\michael-mah-motors\app\public\wp-includes\functions.php:6633
[20-Sep-2022 15:13:09 UTC] PHP Warning:  file_get_contents(C:\Users\JX\Local Sites\michael-mah-motors\app\public/wp-content/plugins/): failed to open stream: No such file or directory in C:\Users\JX\Local Sites\michael-mah-motors\app\public\wp-includes\functions.php on line 6633
[20-Sep-2022 15:13:09 UTC] PHP Stack trace:
[20-Sep-2022 15:13:09 UTC] PHP   1. {main}() C:\Users\JX\Local Sites\michael-mah-motors\app\public\wp-admin\admin-ajax.php:0
[20-Sep-2022 15:13:09 UTC] PHP   2. do_action() C:\Users\JX\Local Sites\michael-mah-motors\app\public\wp-admin\admin-ajax.php:45
[20-Sep-2022 15:13:09 UTC] PHP   3. WP_Hook->do_action() C:\Users\JX\Local Sites\michael-mah-motors\app\public\wp-includes\plugin.php:476
[20-Sep-2022 15:13:09 UTC] PHP   4. WP_Hook->apply_filters() C:\Users\JX\Local Sites\michael-mah-motors\app\public\wp-includes\class-wp-hook.php:331
[20-Sep-2022 15:13:09 UTC] PHP   5. Pusher\Pusher->registerPluginActionLinks() C:\Users\JX\Local Sites\michael-mah-motors\app\public\wp-includes\class-wp-hook.php:307
[20-Sep-2022 15:13:09 UTC] PHP   6. Pusher\Storage\PluginRepository->allPusherPlugins() C:\Users\JX\Local Sites\michael-mah-motors\app\public\wp-content\plugins\wppusher\Pusher\Pusher.php:73
[20-Sep-2022 15:13:09 UTC] PHP   7. get_plugin_data() C:\Users\JX\Local Sites\michael-mah-motors\app\public\wp-content\plugins\wppusher\Pusher\Storage\PluginRepository.php:44
[20-Sep-2022 15:13:09 UTC] PHP   8. get_file_data() C:\Users\JX\Local Sites\michael-mah-motors\app\public\wp-admin\includes\plugin.php:91
[20-Sep-2022 15:13:09 UTC] PHP   9. file_get_contents() C:\Users\JX\Local Sites\michael-mah-motors\app\public\wp-includes\functions.php:6633
[20-Sep-2022 15:13:20 UTC] PHP Warning:  file_get_contents(C:\Users\JX\Local Sites\michael-mah-motors\app\public/wp-content/plugins/): failed to open stream: No such file or directory in C:\Users\JX\Local Sites\michael-mah-motors\app\public\wp-includes\functions.php on line 6633
[20-Sep-2022 15:13:20 UTC] PHP Stack trace:
[20-Sep-2022 15:13:20 UTC] PHP   1. {main}() C:\Users\JX\Local Sites\michael-mah-motors\app\public\wp-admin\plugins.php:0
[20-Sep-2022 15:13:20 UTC] PHP   2. require_once() C:\Users\JX\Local Sites\michael-mah-motors\app\public\wp-admin\plugins.php:10
[20-Sep-2022 15:13:20 UTC] PHP   3. do_action() C:\Users\JX\Local Sites\michael-mah-motors\app\public\wp-admin\admin.php:175
[20-Sep-2022 15:13:20 UTC] PHP   4. WP_Hook->do_action() C:\Users\JX\Local Sites\michael-mah-motors\app\public\wp-includes\plugin.php:476
[20-Sep-2022 15:13:20 UTC] PHP   5. WP_Hook->apply_filters() C:\Users\JX\Local Sites\michael-mah-motors\app\public\wp-includes\class-wp-hook.php:331
[20-Sep-2022 15:13:20 UTC] PHP   6. Pusher\Pusher->registerPluginActionLinks() C:\Users\JX\Local Sites\michael-mah-motors\app\public\wp-includes\class-wp-hook.php:307
[20-Sep-2022 15:13:20 UTC] PHP   7. Pusher\Storage\PluginRepository->allPusherPlugins() C:\Users\JX\Local Sites\michael-mah-motors\app\public\wp-content\plugins\wppusher\Pusher\Pusher.php:73
[20-Sep-2022 15:13:20 UTC] PHP   8. get_plugin_data() C:\Users\JX\Local Sites\michael-mah-motors\app\public\wp-content\plugins\wppusher\Pusher\Storage\PluginRepository.php:44
[20-Sep-2022 15:13:20 UTC] PHP   9. get_file_data() C:\Users\JX\Local Sites\michael-mah-motors\app\public\wp-admin\includes\plugin.php:91
[20-Sep-2022 15:13:20 UTC] PHP  10. file_get_contents() C:\Users\JX\Local Sites\michael-mah-motors\app\public\wp-includes\functions.php:6633
[20-Sep-2022 15:13:40 UTC] PHP Warning:  file_get_contents(C:\Users\JX\Local Sites\michael-mah-motors\app\public/wp-content/plugins/): failed to open stream: No such file or directory in C:\Users\JX\Local Sites\michael-mah-motors\app\public\wp-includes\functions.php on line 6633
[20-Sep-2022 15:13:40 UTC] PHP Stack trace:
[20-Sep-2022 15:13:40 UTC] PHP   1. {main}() C:\Users\JX\Local Sites\michael-mah-motors\app\public\wp-admin\index.php:0
[20-Sep-2022 15:13:40 UTC] PHP   2. require_once() C:\Users\JX\Local Sites\michael-mah-motors\app\public\wp-admin\index.php:10
[20-Sep-2022 15:13:40 UTC] PHP   3. do_action() C:\Users\JX\Local Sites\michael-mah-motors\app\public\wp-admin\admin.php:175
[20-Sep-2022 15:13:40 UTC] PHP   4. WP_Hook->do_action() C:\Users\JX\Local Sites\michael-mah-motors\app\public\wp-includes\plugin.php:476
[20-Sep-2022 15:13:40 UTC] PHP   5. WP_Hook->apply_filters() C:\Users\JX\Local Sites\michael-mah-motors\app\public\wp-includes\class-wp-hook.php:331
[20-Sep-2022 15:13:40 UTC] PHP   6. Pusher\Pusher->registerPluginActionLinks() C:\Users\JX\Local Sites\michael-mah-motors\app\public\wp-includes\class-wp-hook.php:307
[20-Sep-2022 15:13:40 UTC] PHP   7. Pusher\Storage\PluginRepository->allPusherPlugins() C:\Users\JX\Local Sites\michael-mah-motors\app\public\wp-content\plugins\wppusher\Pusher\Pusher.php:73
[20-Sep-2022 15:13:40 UTC] PHP   8. get_plugin_data() C:\Users\JX\Local Sites\michael-mah-motors\app\public\wp-content\plugins\wppusher\Pusher\Storage\PluginRepository.php:44
[20-Sep-2022 15:13:40 UTC] PHP   9. get_file_data() C:\Users\JX\Local Sites\michael-mah-motors\app\public\wp-admin\includes\plugin.php:91
[20-Sep-2022 15:13:40 UTC] PHP  10. file_get_contents() C:\Users\JX\Local Sites\michael-mah-motors\app\public\wp-includes\functions.php:6633
[20-Sep-2022 15:13:42 UTC] PHP Warning:  file_get_contents(C:\Users\JX\Local Sites\michael-mah-motors\app\public/wp-content/plugins/): failed to open stream: No such file or directory in C:\Users\JX\Local Sites\michael-mah-motors\app\public\wp-includes\functions.php on line 6633
[20-Sep-2022 15:13:42 UTC] PHP Stack trace:
[20-Sep-2022 15:13:42 UTC] PHP   1. {main}() C:\Users\JX\Local Sites\michael-mah-motors\app\public\wp-admin\admin-ajax.php:0
[20-Sep-2022 15:13:42 UTC] PHP   2. do_action() C:\Users\JX\Local Sites\michael-mah-motors\app\public\wp-admin\admin-ajax.php:45
[20-Sep-2022 15:13:42 UTC] PHP   3. WP_Hook->do_action() C:\Users\JX\Local Sites\michael-mah-motors\app\public\wp-includes\plugin.php:476
[20-Sep-2022 15:13:42 UTC] PHP   4. WP_Hook->apply_filters() C:\Users\JX\Local Sites\michael-mah-motors\app\public\wp-includes\class-wp-hook.php:331
[20-Sep-2022 15:13:42 UTC] PHP   5. Pusher\Pusher->registerPluginActionLinks() C:\Users\JX\Local Sites\michael-mah-motors\app\public\wp-includes\class-wp-hook.php:307
[20-Sep-2022 15:13:42 UTC] PHP   6. Pusher\Storage\PluginRepository->allPusherPlugins() C:\Users\JX\Local Sites\michael-mah-motors\app\public\wp-content\plugins\wppusher\Pusher\Pusher.php:73
[20-Sep-2022 15:13:42 UTC] PHP   7. get_plugin_data() C:\Users\JX\Local Sites\michael-mah-motors\app\public\wp-content\plugins\wppusher\Pusher\Storage\PluginRepository.php:44
[20-Sep-2022 15:13:42 UTC] PHP   8. get_file_data() C:\Users\JX\Local Sites\michael-mah-motors\app\public\wp-admin\includes\plugin.php:91
[20-Sep-2022 15:13:42 UTC] PHP   9. file_get_contents() C:\Users\JX\Local Sites\michael-mah-motors\app\public\wp-includes\functions.php:6633
[20-Sep-2022 15:13:47 UTC] PHP Warning:  file_get_contents(C:\Users\JX\Local Sites\michael-mah-motors\app\public/wp-content/plugins/): failed to open stream: No such file or directory in C:\Users\JX\Local Sites\michael-mah-motors\app\public\wp-includes\functions.php on line 6633
[20-Sep-2022 15:13:47 UTC] PHP Stack trace:
[20-Sep-2022 15:13:47 UTC] PHP   1. {main}() C:\Users\JX\Local Sites\michael-mah-motors\app\public\wp-admin\plugins.php:0
[20-Sep-2022 15:13:47 UTC] PHP   2. require_once() C:\Users\JX\Local Sites\michael-mah-motors\app\public\wp-admin\plugins.php:10
[20-Sep-2022 15:13:47 UTC] PHP   3. do_action() C:\Users\JX\Local Sites\michael-mah-motors\app\public\wp-admin\admin.php:175
[20-Sep-2022 15:13:47 UTC] PHP   4. WP_Hook->do_action() C:\Users\JX\Local Sites\michael-mah-motors\app\public\wp-includes\plugin.php:476
[20-Sep-2022 15:13:47 UTC] PHP   5. WP_Hook->apply_filters() C:\Users\JX\Local Sites\michael-mah-motors\app\public\wp-includes\class-wp-hook.php:331
[20-Sep-2022 15:13:47 UTC] PHP   6. Pusher\Pusher->registerPluginActionLinks() C:\Users\JX\Local Sites\michael-mah-motors\app\public\wp-includes\class-wp-hook.php:307
[20-Sep-2022 15:13:47 UTC] PHP   7. Pusher\Storage\PluginRepository->allPusherPlugins() C:\Users\JX\Local Sites\michael-mah-motors\app\public\wp-content\plugins\wppusher\Pusher\Pusher.php:73
[20-Sep-2022 15:13:47 UTC] PHP   8. get_plugin_data() C:\Users\JX\Local Sites\michael-mah-motors\app\public\wp-content\plugins\wppusher\Pusher\Storage\PluginRepository.php:44
[20-Sep-2022 15:13:47 UTC] PHP   9. get_file_data() C:\Users\JX\Local Sites\michael-mah-motors\app\public\wp-admin\includes\plugin.php:91
[20-Sep-2022 15:13:47 UTC] PHP  10. file_get_contents() C:\Users\JX\Local Sites\michael-mah-motors\app\public\wp-includes\functions.php:6633
[20-Sep-2022 15:13:52 UTC] PHP Warning:  file_get_contents(C:\Users\JX\Local Sites\michael-mah-motors\app\public/wp-content/plugins/): failed to open stream: No such file or directory in C:\Users\JX\Local Sites\michael-mah-motors\app\public\wp-includes\functions.php on line 6633
[20-Sep-2022 15:13:52 UTC] PHP Stack trace:
[20-Sep-2022 15:13:52 UTC] PHP   1. {main}() C:\Users\JX\Local Sites\michael-mah-motors\app\public\wp-admin\plugins.php:0
[20-Sep-2022 15:13:52 UTC] PHP   2. require_once() C:\Users\JX\Local Sites\michael-mah-motors\app\public\wp-admin\plugins.php:10
[20-Sep-2022 15:13:52 UTC] PHP   3. do_action() C:\Users\JX\Local Sites\michael-mah-motors\app\public\wp-admin\admin.php:175
[20-Sep-2022 15:13:52 UTC] PHP   4. WP_Hook->do_action() C:\Users\JX\Local Sites\michael-mah-motors\app\public\wp-includes\plugin.php:476
[20-Sep-2022 15:13:52 UTC] PHP   5. WP_Hook->apply_filters() C:\Users\JX\Local Sites\michael-mah-motors\app\public\wp-includes\class-wp-hook.php:331
[20-Sep-2022 15:13:52 UTC] PHP   6. Pusher\Pusher->registerPluginActionLinks() C:\Users\JX\Local Sites\michael-mah-motors\app\public\wp-includes\class-wp-hook.php:307
[20-Sep-2022 15:13:52 UTC] PHP   7. Pusher\Storage\PluginRepository->allPusherPlugins() C:\Users\JX\Local Sites\michael-mah-motors\app\public\wp-content\plugins\wppusher\Pusher\Pusher.php:73
[20-Sep-2022 15:13:52 UTC] PHP   8. get_plugin_data() C:\Users\JX\Local Sites\michael-mah-motors\app\public\wp-content\plugins\wppusher\Pusher\Storage\PluginRepository.php:44
[20-Sep-2022 15:13:52 UTC] PHP   9. get_file_data() C:\Users\JX\Local Sites\michael-mah-motors\app\public\wp-admin\includes\plugin.php:91
[20-Sep-2022 15:13:52 UTC] PHP  10. file_get_contents() C:\Users\JX\Local Sites\michael-mah-motors\app\public\wp-includes\functions.php:6633
[21-Sep-2022 13:17:40 UTC] PHP Warning:  copy(C:\Users\JX\Local Sites\michael-mah-motors\app\public\wp-content\themes\shoppingcart//wp-json/wp/v2/categories/1\index.html): failed to open stream: No such file or directory in C:\Users\JX\Local Sites\michael-mah-motors\app\public\wp-content\plugins\simply-static\src\tasks\class-ss-transfer-files-locally-task.php on line 89
[21-Sep-2022 13:17:40 UTC] PHP Stack trace:
[21-Sep-2022 13:17:40 UTC] PHP   1. {main}() C:\Users\JX\Local Sites\michael-mah-motors\app\public\wp-admin\admin-ajax.php:0
[21-Sep-2022 13:17:40 UTC] PHP   2. do_action() C:\Users\JX\Local Sites\michael-mah-motors\app\public\wp-admin\admin-ajax.php:202
[21-Sep-2022 13:17:40 UTC] PHP   3. WP_Hook->do_action() C:\Users\JX\Local Sites\michael-mah-motors\app\public\wp-includes\plugin.php:476
[21-Sep-2022 13:17:40 UTC] PHP   4. WP_Hook->apply_filters() C:\Users\JX\Local Sites\michael-mah-motors\app\public\wp-includes\class-wp-hook.php:331
[21-Sep-2022 13:17:40 UTC] PHP   5. Simply_Static\Archive_Creation_Job->maybe_handle() C:\Users\JX\Local Sites\michael-mah-motors\app\public\wp-includes\class-wp-hook.php:307
[21-Sep-2022 13:17:40 UTC] PHP   6. Simply_Static\Archive_Creation_Job->handle() C:\Users\JX\Local Sites\michael-mah-motors\app\public\wp-content\plugins\woocommerce\includes\libraries\wp-background-process.php:175
[21-Sep-2022 13:17:40 UTC] PHP   7. Simply_Static\Archive_Creation_Job->task() C:\Users\JX\Local Sites\michael-mah-motors\app\public\wp-content\plugins\woocommerce\includes\libraries\wp-background-process.php:301
[21-Sep-2022 13:17:40 UTC] PHP   8. Simply_Static\Transfer_Files_Locally_Task->perform() C:\Users\JX\Local Sites\michael-mah-motors\app\public\wp-content\plugins\simply-static\src\class-ss-archive-creation-job.php:122
[21-Sep-2022 13:17:40 UTC] PHP   9. Simply_Static\Transfer_Files_Locally_Task->copy_static_files() C:\Users\JX\Local Sites\michael-mah-motors\app\public\wp-content\plugins\simply-static\src\tasks\class-ss-transfer-files-locally-task.php:25
[21-Sep-2022 13:17:40 UTC] PHP  10. copy() C:\Users\JX\Local Sites\michael-mah-motors\app\public\wp-content\plugins\simply-static\src\tasks\class-ss-transfer-files-locally-task.php:89
[21-Sep-2022 15:17:38 UTC] PHP Warning:  copy(C:\Users\JX\Local Sites\michael-mah-motors//wp-json/wp/v2/product/14\index.html): failed to open stream: No such file or directory in C:\Users\JX\Local Sites\michael-mah-motors\app\public\wp-content\plugins\simply-static\src\tasks\class-ss-transfer-files-locally-task.php on line 89
[21-Sep-2022 15:17:38 UTC] PHP Stack trace:
[21-Sep-2022 15:17:38 UTC] PHP   1. {main}() C:\Users\JX\Local Sites\michael-mah-motors\app\public\wp-admin\admin-ajax.php:0
[21-Sep-2022 15:17:38 UTC] PHP   2. do_action() C:\Users\JX\Local Sites\michael-mah-motors\app\public\wp-admin\admin-ajax.php:202
[21-Sep-2022 15:17:38 UTC] PHP   3. WP_Hook->do_action() C:\Users\JX\Local Sites\michael-mah-motors\app\public\wp-includes\plugin.php:476
[21-Sep-2022 15:17:38 UTC] PHP   4. WP_Hook->apply_filters() C:\Users\JX\Local Sites\michael-mah-motors\app\public\wp-includes\class-wp-hook.php:331
[21-Sep-2022 15:17:38 UTC] PHP   5. Simply_Static\Archive_Creation_Job->maybe_handle() C:\Users\JX\Local Sites\michael-mah-motors\app\public\wp-includes\class-wp-hook.php:307
[21-Sep-2022 15:17:38 UTC] PHP   6. Simply_Static\Archive_Creation_Job->handle() C:\Users\JX\Local Sites\michael-mah-motors\app\public\wp-content\plugins\woocommerce\includes\libraries\wp-background-process.php:175
[21-Sep-2022 15:17:38 UTC] PHP   7. Simply_Static\Archive_Creation_Job->task() C:\Users\JX\Local Sites\michael-mah-motors\app\public\wp-content\plugins\woocommerce\includes\libraries\wp-background-process.php:301
[21-Sep-2022 15:17:38 UTC] PHP   8. Simply_Static\Transfer_Files_Locally_Task->perform() C:\Users\JX\Local Sites\michael-mah-motors\app\public\wp-content\plugins\simply-static\src\class-ss-archive-creation-job.php:122
[21-Sep-2022 15:17:38 UTC] PHP   9. Simply_Static\Transfer_Files_Locally_Task->copy_static_files() C:\Users\JX\Local Sites\michael-mah-motors\app\public\wp-content\plugins\simply-static\src\tasks\class-ss-transfer-files-locally-task.php:25
[21-Sep-2022 15:17:38 UTC] PHP  10. copy() C:\Users\JX\Local Sites\michael-mah-motors\app\public\wp-content\plugins\simply-static\src\tasks\class-ss-transfer-files-locally-task.php:89
